<?xml version="1.0" encoding="UTF-8"?>
<testsuite xmlns:xsi="http://www.w3.org/2001/XMLSchema-instance" xsi:noNamespaceSchemaLocation="https://maven.apache.org/surefire/maven-surefire-plugin/xsd/surefire-test-report-3.0.xsd" version="3.0" name="runner.TestRunner" time="78.499" tests="38" errors="2" skipped="3" failures="0">
  <properties>
[...]
</properties>
  <testcase name="user is in homepage" classname="Test ItemsCheckout" time="9.06">
    <system-out><![CDATA[
@checkout
Scenario: Test ItemsCheckout                                # src/test/resources/Features/CheckoutItems.feature:4
]]></system-out>
    <system-err><![CDATA[Starting ChromeDriver 120.0.6099.109 (3419140ab665596f21b385ce136419fde0924272-refs/branch-heads/6099@{#1483}) on port 39952
Only local connections are allowed.
Please see https://chromedriver.chromium.org/security-considerations for suggestions on keeping ChromeDriver safe.
ChromeDriver was started successfully.
Jan 27, 2024 2:47:25 PM org.openqa.selenium.devtools.CdpVersionFinder findNearestMatch
WARNING: Unable to find CDP implementation matching 120
Jan 27, 2024 2:47:25 PM org.openqa.selenium.chromium.ChromiumDriver lambda$new$3
WARNING: Unable to find version of CDP to use for . You may need to include a dependency on a specific version of the CDP using something similar to `org.seleniumhq.selenium:selenium-devtools-v86:4.8.1` where the version ("v86") matches the version of the chromium-based browser you're using and the version number of the artifact is the same as Selenium's.
]]></system-err>
  </testcase>
  <testcase name="user is clicking myAccount" classname="Test ItemsCheckout" time="0.095">
    <system-out><![CDATA[  Given user is in homepage                                 # stepDefinitions.CheckoutItemsSteps.user_is_in_homepage()
]]></system-out>
  </testcase>
  <testcase name="user is clicking Login" classname="Test ItemsCheckout" time="0.312">
    <system-out><![CDATA[  When user is clicking myAccount                           # stepDefinitions.CheckoutItemsSteps.user_is_clicking_my_account()
]]></system-out>
  </testcase>
  <testcase name="user is entering email &apos;sadatsayedibrahim@gmail.com&apos;" classname="Test ItemsCheckout" time="0.284">
    <system-out><![CDATA[  And user is clicking Login                                # stepDefinitions.CheckoutItemsSteps.user_is_clicking_login()
]]></system-out>
  </testcase>
  <testcase name="user is entering password &apos;test123&apos;" classname="Test ItemsCheckout" time="0.117">
    <system-out><![CDATA[  And user is entering email 'sadatsayedibrahim@gmail.com'  # stepDefinitions.CheckoutItemsSteps.user_is_entering_email(java.lang.String)
]]></system-out>
  </testcase>
  <testcase name="user is clicking loginButton" classname="Test ItemsCheckout" time="0.097">
    <system-out><![CDATA[  And user is entering password 'test123'                   # stepDefinitions.CheckoutItemsSteps.user_is_entering_password(java.lang.String)
]]></system-out>
  </testcase>
  <testcase name="user move to Cameras" classname="Test ItemsCheckout" time="3.411">
    <system-out><![CDATA[  And user is clicking loginButton                          # stepDefinitions.CheckoutItemsSteps.user_is_clicking_login_button()
]]></system-out>
  </testcase>
  <testcase name="user user moves to SonyItem and clicks it" classname="Test ItemsCheckout" time="3.056">
    <error message="element not interactable: https://testenvironment.toptechschool.us/shop/canon/sony has no size and location&#10;  (Session info: chrome=120.0.6099.225)&#10;Build info: version: &apos;4.8.1&apos;, revision: &apos;8ebccac989&apos;&#10;System info: os.name: &apos;Windows 10&apos;, os.arch: &apos;amd64&apos;, os.version: &apos;10.0&apos;, java.version: &apos;17.0.9&apos;&#10;Driver info: org.openqa.selenium.chrome.ChromeDriver&#10;Command: [798f8a6b0d1268cda5d0945adbdce62e, actions {actions=[org.openqa.selenium.interactions.Sequence@2b43f314]}]&#10;Capabilities {acceptInsecureCerts: false, browserName: chrome, browserVersion: 120.0.6099.225, chrome: {chromedriverVersion: 120.0.6099.109 (3419140ab66..., userDataDir: C:\Users\lenovo\AppData\Loc...}, fedcm:accounts: true, goog:chromeOptions: {debuggerAddress: localhost:50447}, networkConnectionEnabled: false, pageLoadStrategy: normal, platformName: WINDOWS, proxy: Proxy(), se:cdp: ws://localhost:50447/devtoo..., se:cdpVersion: 120.0.6099.225, setWindowRect: true, strictFileInteractability: false, timeouts: {implicit: 0, pageLoad: 300000, script: 30000}, unhandledPromptBehavior: dismiss and notify, webauthn:extension:credBlob: true, webauthn:extension:largeBlob: true, webauthn:extension:minPinLength: true, webauthn:extension:prf: true, webauthn:virtualAuthenticators: true}&#10;Session ID: 798f8a6b0d1268cda5d0945adbdce62e" type="org.openqa.selenium.ElementNotInteractableException"><![CDATA[org.openqa.selenium.ElementNotInteractableException: 
element not interactable: https://testenvironment.toptechschool.us/shop/canon/sony has no size and location
  (Session info: chrome=120.0.6099.225)
Build info: version: '4.8.1', revision: '8ebccac989'
System info: os.name: 'Windows 10', os.arch: 'amd64', os.version: '10.0', java.version: '17.0.9'
Driver info: org.openqa.selenium.chrome.ChromeDriver
Command: [798f8a6b0d1268cda5d0945adbdce62e, actions {actions=[org.openqa.selenium.interactions.Sequence@2b43f314]}]
Capabilities {acceptInsecureCerts: false, browserName: chrome, browserVersion: 120.0.6099.225, chrome: {chromedriverVersion: 120.0.6099.109 (3419140ab66..., userDataDir: C:\Users\lenovo\AppData\Loc...}, fedcm:accounts: true, goog:chromeOptions: {debuggerAddress: localhost:50447}, networkConnectionEnabled: false, pageLoadStrategy: normal, platformName: WINDOWS, proxy: Proxy(), se:cdp: ws://localhost:50447/devtoo..., se:cdpVersion: 120.0.6099.225, setWindowRect: true, strictFileInteractability: false, timeouts: {implicit: 0, pageLoad: 300000, script: 30000}, unhandledPromptBehavior: dismiss and notify, webauthn:extension:credBlob: true, webauthn:extension:largeBlob: true, webauthn:extension:minPinLength: true, webauthn:extension:prf: true, webauthn:virtualAuthenticators: true}
Session ID: 798f8a6b0d1268cda5d0945adbdce62e
	at java.base/java.lang.reflect.Constructor.newInstanceWithCaller(Constructor.java:499)
	at java.base/java.lang.reflect.Constructor.newInstance(Constructor.java:480)
	at org.openqa.selenium.remote.codec.w3c.W3CHttpResponseCodec.createException(W3CHttpResponseCodec.java:200)
	at org.openqa.selenium.remote.codec.w3c.W3CHttpResponseCodec.decode(W3CHttpResponseCodec.java:133)
	at org.openqa.selenium.remote.codec.w3c.W3CHttpResponseCodec.decode(W3CHttpResponseCodec.java:53)
	at org.openqa.selenium.remote.HttpCommandExecutor.execute(HttpCommandExecutor.java:184)
	at org.openqa.selenium.remote.service.DriverCommandExecutor.invokeExecute(DriverCommandExecutor.java:167)
	at org.openqa.selenium.remote.service.DriverCommandExecutor.execute(DriverCommandExecutor.java:142)
	at org.openqa.selenium.remote.RemoteWebDriver.execute(RemoteWebDriver.java:541)
	at org.openqa.selenium.remote.RemoteWebDriver.perform(RemoteWebDriver.java:609)
	at org.openqa.selenium.interactions.Actions$BuiltAction.perform(Actions.java:567)
	at pageObjects.CheckOutItemsPageObject.moveToSonyItem(CheckOutItemsPageObject.java:83)
	at stepDefinitions.CheckoutItemsSteps.user_user_moves_to_sony_item_and_clicks_it(CheckoutItemsSteps.java:52)
	at ✽.user user moves to SonyItem and clicks it(file:///C:/Users/lenovo/eclipse-workspace/TestAutomation.bdd.Framework-batch-1/src/test/resources/Features/CheckoutItems.feature:12)
]]></error>
    <system-out><![CDATA[  Then user move to Cameras                                 # stepDefinitions.CheckoutItemsSteps.user_move_to_cameras()
]]></system-out>
  </testcase>
  <testcase name="user adds an item to cart" classname="Test ItemsCheckout" time="0.0">
    <skipped type="io.cucumber.junit.SkippedThrowable"><![CDATA[io.cucumber.junit.SkippedThrowable: This step is skipped
]]></skipped>
    <system-out><![CDATA[  And user user moves to SonyItem and clicks it             # stepDefinitions.CheckoutItemsSteps.user_user_moves_to_sony_item_and_clicks_it()
      org.openqa.selenium.ElementNotInteractableException: element not interactable: https://testenvironment.toptechschool.us/shop/canon/sony has no size and location
  (Session info: chrome=120.0.6099.225)
Build info: version: '4.8.1', revision: '8ebccac989'
System info: os.name: 'Windows 10', os.arch: 'amd64', os.version: '10.0', java.version: '17.0.9'
Driver info: org.openqa.selenium.chrome.ChromeDriver
Command: [798f8a6b0d1268cda5d0945adbdce62e, actions {actions=[org.openqa.selenium.interactions.Sequence@2b43f314]}]
Capabilities {acceptInsecureCerts: false, browserName: chrome, browserVersion: 120.0.6099.225, chrome: {chromedriverVersion: 120.0.6099.109 (3419140ab66..., userDataDir: C:\Users\lenovo\AppData\Loc...}, fedcm:accounts: true, goog:chromeOptions: {debuggerAddress: localhost:50447}, networkConnectionEnabled: false, pageLoadStrategy: normal, platformName: WINDOWS, proxy: Proxy(), se:cdp: ws://localhost:50447/devtoo..., se:cdpVersion: 120.0.6099.225, setWindowRect: true, strictFileInteractability: false, timeouts: {implicit: 0, pageLoad: 300000, script: 30000}, unhandledPromptBehavior: dismiss and notify, webauthn:extension:credBlob: true, webauthn:extension:largeBlob: true, webauthn:extension:minPinLength: true, webauthn:extension:prf: true, webauthn:virtualAuthenticators: true}
Session ID: 798f8a6b0d1268cda5d0945adbdce62e
	at java.base/java.lang.reflect.Constructor.newInstanceWithCaller(Constructor.java:499)
	at java.base/java.lang.reflect.Constructor.newInstance(Constructor.java:480)
	at org.openqa.selenium.remote.codec.w3c.W3CHttpResponseCodec.createException(W3CHttpResponseCodec.java:200)
	at org.openqa.selenium.remote.codec.w3c.W3CHttpResponseCodec.decode(W3CHttpResponseCodec.java:133)
	at org.openqa.selenium.remote.codec.w3c.W3CHttpResponseCodec.decode(W3CHttpResponseCodec.java:53)
	at org.openqa.selenium.remote.HttpCommandExecutor.execute(HttpCommandExecutor.java:184)
	at org.openqa.selenium.remote.service.DriverCommandExecutor.invokeExecute(DriverCommandExecutor.java:167)
	at org.openqa.selenium.remote.service.DriverCommandExecutor.execute(DriverCommandExecutor.java:142)
	at org.openqa.selenium.remote.RemoteWebDriver.execute(RemoteWebDriver.java:541)
	at org.openqa.selenium.remote.RemoteWebDriver.perform(RemoteWebDriver.java:609)
	at org.openqa.selenium.interactions.Actions$BuiltAction.perform(Actions.java:567)
	at pageObjects.CheckOutItemsPageObject.moveToSonyItem(CheckOutItemsPageObject.java:83)
	at stepDefinitions.CheckoutItemsSteps.user_user_moves_to_sony_item_and_clicks_it(CheckoutItemsSteps.java:52)
	at âœ½.user user moves to SonyItem and clicks it(file:///C:/Users/lenovo/eclipse-workspace/TestAutomation.bdd.Framework-batch-1/src/test/resources/Features/CheckoutItems.feature:12)

]]></system-out>
  </testcase>
  <testcase name="user clicks items MyAccount at the bottom of the page" classname="Test ItemsCheckout" time="0.0">
    <skipped type="io.cucumber.junit.SkippedThrowable"><![CDATA[io.cucumber.junit.SkippedThrowable: This step is skipped
]]></skipped>
    <system-out><![CDATA[  Then user adds an item to cart                            # stepDefinitions.CheckoutItemsSteps.user_adds_an_item_to_cart()
]]></system-out>
  </testcase>
  <testcase name="user logs out" classname="Test ItemsCheckout" time="0.0">
    <skipped type="io.cucumber.junit.SkippedThrowable"><![CDATA[io.cucumber.junit.SkippedThrowable: This step is skipped
]]></skipped>
    <system-out><![CDATA[  And user clicks items MyAccount at the bottom of the page # stepDefinitions.CheckoutItemsSteps.user_clicks_items_my_account_at_the_bottom_of_the_page()
]]></system-out>
  </testcase>
  <testcase name="Test ItemsCheckout" classname="Items checkout functionality" time="0.395">
    <error message="element not interactable: https://testenvironment.toptechschool.us/shop/canon/sony has no size and location&#10;  (Session info: chrome=120.0.6099.225)&#10;Build info: version: &apos;4.8.1&apos;, revision: &apos;8ebccac989&apos;&#10;System info: os.name: &apos;Windows 10&apos;, os.arch: &apos;amd64&apos;, os.version: &apos;10.0&apos;, java.version: &apos;17.0.9&apos;&#10;Driver info: org.openqa.selenium.chrome.ChromeDriver&#10;Command: [798f8a6b0d1268cda5d0945adbdce62e, actions {actions=[org.openqa.selenium.interactions.Sequence@2b43f314]}]&#10;Capabilities {acceptInsecureCerts: false, browserName: chrome, browserVersion: 120.0.6099.225, chrome: {chromedriverVersion: 120.0.6099.109 (3419140ab66..., userDataDir: C:\Users\lenovo\AppData\Loc...}, fedcm:accounts: true, goog:chromeOptions: {debuggerAddress: localhost:50447}, networkConnectionEnabled: false, pageLoadStrategy: normal, platformName: WINDOWS, proxy: Proxy(), se:cdp: ws://localhost:50447/devtoo..., se:cdpVersion: 120.0.6099.225, setWindowRect: true, strictFileInteractability: false, timeouts: {implicit: 0, pageLoad: 300000, script: 30000}, unhandledPromptBehavior: dismiss and notify, webauthn:extension:credBlob: true, webauthn:extension:largeBlob: true, webauthn:extension:minPinLength: true, webauthn:extension:prf: true, webauthn:virtualAuthenticators: true}&#10;Session ID: 798f8a6b0d1268cda5d0945adbdce62e" type="org.openqa.selenium.ElementNotInteractableException"><![CDATA[org.openqa.selenium.ElementNotInteractableException: 
element not interactable: https://testenvironment.toptechschool.us/shop/canon/sony has no size and location
  (Session info: chrome=120.0.6099.225)
Build info: version: '4.8.1', revision: '8ebccac989'
System info: os.name: 'Windows 10', os.arch: 'amd64', os.version: '10.0', java.version: '17.0.9'
Driver info: org.openqa.selenium.chrome.ChromeDriver
Command: [798f8a6b0d1268cda5d0945adbdce62e, actions {actions=[org.openqa.selenium.interactions.Sequence@2b43f314]}]
Capabilities {acceptInsecureCerts: false, browserName: chrome, browserVersion: 120.0.6099.225, chrome: {chromedriverVersion: 120.0.6099.109 (3419140ab66..., userDataDir: C:\Users\lenovo\AppData\Loc...}, fedcm:accounts: true, goog:chromeOptions: {debuggerAddress: localhost:50447}, networkConnectionEnabled: false, pageLoadStrategy: normal, platformName: WINDOWS, proxy: Proxy(), se:cdp: ws://localhost:50447/devtoo..., se:cdpVersion: 120.0.6099.225, setWindowRect: true, strictFileInteractability: false, timeouts: {implicit: 0, pageLoad: 300000, script: 30000}, unhandledPromptBehavior: dismiss and notify, webauthn:extension:credBlob: true, webauthn:extension:largeBlob: true, webauthn:extension:minPinLength: true, webauthn:extension:prf: true, webauthn:virtualAuthenticators: true}
Session ID: 798f8a6b0d1268cda5d0945adbdce62e
	at java.base/java.lang.reflect.Constructor.newInstanceWithCaller(Constructor.java:499)
	at java.base/java.lang.reflect.Constructor.newInstance(Constructor.java:480)
	at org.openqa.selenium.remote.codec.w3c.W3CHttpResponseCodec.createException(W3CHttpResponseCodec.java:200)
	at org.openqa.selenium.remote.codec.w3c.W3CHttpResponseCodec.decode(W3CHttpResponseCodec.java:133)
	at org.openqa.selenium.remote.codec.w3c.W3CHttpResponseCodec.decode(W3CHttpResponseCodec.java:53)
	at org.openqa.selenium.remote.HttpCommandExecutor.execute(HttpCommandExecutor.java:184)
	at org.openqa.selenium.remote.service.DriverCommandExecutor.invokeExecute(DriverCommandExecutor.java:167)
	at org.openqa.selenium.remote.service.DriverCommandExecutor.execute(DriverCommandExecutor.java:142)
	at org.openqa.selenium.remote.RemoteWebDriver.execute(RemoteWebDriver.java:541)
	at org.openqa.selenium.remote.RemoteWebDriver.perform(RemoteWebDriver.java:609)
	at org.openqa.selenium.interactions.Actions$BuiltAction.perform(Actions.java:567)
	at pageObjects.CheckOutItemsPageObject.moveToSonyItem(CheckOutItemsPageObject.java:83)
	at stepDefinitions.CheckoutItemsSteps.user_user_moves_to_sony_item_and_clicks_it(CheckoutItemsSteps.java:52)
	at ✽.user user moves to SonyItem and clicks it(file:///C:/Users/lenovo/eclipse-workspace/TestAutomation.bdd.Framework-batch-1/src/test/resources/Features/CheckoutItems.feature:12)
]]></error>
    <system-out><![CDATA[  Then user logs out                                        # stepDefinitions.CheckoutItemsSteps.user_logs_out()
]]></system-out>
    <system-err><![CDATA[[1706395662.352][WARNING]: Processing messages while being disconnected
[1706395662.352][SEVERE]: Unable to receive message from renderer
]]></system-err>
  </testcase>
  <testcase name="user is on home page" classname="Register new customers" time="6.859">
    <system-out><![CDATA[
@Register
Scenario: Register new customers                                                           # src/test/resources/Features/RegisterUser.feature:4
]]></system-out>
    <system-err><![CDATA[Starting ChromeDriver 120.0.6099.109 (3419140ab665596f21b385ce136419fde0924272-refs/branch-heads/6099@{#1483}) on port 44271
Only local connections are allowed.
Please see https://chromedriver.chromium.org/security-considerations for suggestions on keeping ChromeDriver safe.
ChromeDriver was started successfully.
Jan 27, 2024 2:47:44 PM org.openqa.selenium.devtools.CdpVersionFinder findNearestMatch
WARNING: Unable to find CDP implementation matching 120
Jan 27, 2024 2:47:44 PM org.openqa.selenium.chromium.ChromiumDriver lambda$new$3
WARNING: Unable to find version of CDP to use for . You may need to include a dependency on a specific version of the CDP using something similar to `org.seleniumhq.selenium:selenium-devtools-v86:4.8.1` where the version ("v86") matches the version of the chromium-based browser you're using and the version number of the artifact is the same as Selenium's.
]]></system-err>
  </testcase>
  <testcase name="user clicks on myaccount" classname="Register new customers" time="3.592">
    <system-out><![CDATA[  Given user is on home page                                                               # stepDefinitions.RegisterUserSteps.user_is_on_home_page()
]]></system-out>
  </testcase>
  <testcase name="user click register button" classname="Register new customers" time="0.29">
    <system-out><![CDATA[  When user clicks on myaccount                                                            # stepDefinitions.RegisterUserSteps.user_clicks_on_myaccount()
]]></system-out>
  </testcase>
  <testcase name="user fill out the below information" classname="Register new customers" time="1.507">
    <system-out><![CDATA[  When user click register button                                                          # stepDefinitions.RegisterUserSteps.user_click_register_button()
]]></system-out>
  </testcase>
  <testcase name="User select &apos;yes&apos; for Subscribe" classname="Register new customers" time="0.084">
    <system-out><![CDATA[  And user fill out the below information                                                  # stepDefinitions.RegisterUserSteps.user_fill_out_the_below_information(io.cucumber.datatable.DataTable)
    | FirstName | LastName | Email                          | Telephone  | Password | ConfirmPassword |
    | Sayed     | Sayed    | sayed03222ww0@toptechschool.us | 2536529199 | test123  | test123         |
]]></system-out>
  </testcase>
  <testcase name="User click privacy and policy button" classname="Register new customers" time="0.1">
    <system-out><![CDATA[  And User select 'yes' for Subscribe                                                      # stepDefinitions.RegisterUserSteps.user_select_for_subscribe(java.lang.String)
]]></system-out>
  </testcase>
  <testcase name="User click Continue button" classname="Register new customers" time="0.089">
    <system-out><![CDATA[  And User click privacy and policy button                                                 # stepDefinitions.RegisterUserSteps.user_click_privacy_and_policy_button()
]]></system-out>
  </testcase>
  <testcase name="user account is created with a message as follows: &apos;Your Account Has Been Created!&apos;" classname="Register new customers" time="5.042">
    <system-out><![CDATA[  And User click Continue button                                                           # stepDefinitions.RegisterUserSteps.user_click_continue_button()
]]></system-out>
  </testcase>
  <testcase name="user is on test environment" classname="Login Page Test" time="8.666">
    <system-out><![CDATA[  Then user account is created with a message as follows: 'Your Account Has Been Created!' # stepDefinitions.RegisterUserSteps.user_account_is_created_with_a_message_as_follows(java.lang.String)

Scenario: Login Page Test                                                        # src/test/resources/Features/login.feature:4
]]></system-out>
    <system-err><![CDATA[Jan 27, 2024 2:48:02 PM org.openqa.selenium.remote.http.WebSocket$Listener onError
WARNING: Connection reset
java.net.SocketException: Connection reset
	at java.base/sun.nio.ch.SocketChannelImpl.throwConnectionReset(SocketChannelImpl.java:394)
	at java.base/sun.nio.ch.SocketChannelImpl.read(SocketChannelImpl.java:426)
	at io.netty.buffer.PooledByteBuf.setBytes(PooledByteBuf.java:259)
	at io.netty.buffer.AbstractByteBuf.writeBytes(AbstractByteBuf.java:1132)
	at io.netty.channel.socket.nio.NioSocketChannel.doReadBytes(NioSocketChannel.java:357)
	at io.netty.channel.nio.AbstractNioByteChannel$NioByteUnsafe.read(AbstractNioByteChannel.java:151)
	at io.netty.channel.nio.NioEventLoop.processSelectedKey(NioEventLoop.java:788)
	at io.netty.channel.nio.NioEventLoop.processSelectedKeysOptimized(NioEventLoop.java:724)
	at io.netty.channel.nio.NioEventLoop.processSelectedKeys(NioEventLoop.java:650)
	at io.netty.channel.nio.NioEventLoop.run(NioEventLoop.java:562)
	at io.netty.util.concurrent.SingleThreadEventExecutor$4.run(SingleThreadEventExecutor.java:997)
	at io.netty.util.internal.ThreadExecutorMap$2.run(ThreadExecutorMap.java:74)
	at io.netty.util.concurrent.FastThreadLocalRunnable.run(FastThreadLocalRunnable.java:30)
	at java.base/java.lang.Thread.run(Thread.java:842)

Starting ChromeDriver 120.0.6099.109 (3419140ab665596f21b385ce136419fde0924272-refs/branch-heads/6099@{#1483}) on port 2385
Only local connections are allowed.
Please see https://chromedriver.chromium.org/security-considerations for suggestions on keeping ChromeDriver safe.
ChromeDriver was started successfully.
Jan 27, 2024 2:48:03 PM org.openqa.selenium.devtools.CdpVersionFinder findNearestMatch
WARNING: Unable to find CDP implementation matching 120
Jan 27, 2024 2:48:03 PM org.openqa.selenium.chromium.ChromiumDriver lambda$new$3
WARNING: Unable to find version of CDP to use for . You may need to include a dependency on a specific version of the CDP using something similar to `org.seleniumhq.selenium:selenium-devtools-v86:4.8.1` where the version ("v86") matches the version of the chromium-based browser you're using and the version number of the artifact is the same as Selenium's.
]]></system-err>
  </testcase>
  <testcase name="user clicks MyAccount" classname="Login Page Test" time="0.11">
    <system-out><![CDATA[  Given user is on test environment                                              # stepDefinitions.LoginStepsDefinition.user_is_on_test_environment()
]]></system-out>
  </testcase>
  <testcase name="user clicks login" classname="Login Page Test" time="0.396">
    <system-out><![CDATA[  When user clicks MyAccount                                                     # stepDefinitions.LoginStepsDefinition.user_clicks_my_account()
]]></system-out>
  </testcase>
  <testcase name="user enters email &apos;&lt;sadatsayedibrahim@gmail.com&gt;&apos; and password &apos;&lt;test123&gt;&apos;" classname="Login Page Test" time="0.354">
    <system-out><![CDATA[  And user clicks login                                                          # stepDefinitions.LoginStepsDefinition.user_clicks_login()
]]></system-out>
  </testcase>
  <testcase name="user clicks on logginButton" classname="Login Page Test" time="0.136">
    <system-out><![CDATA[  And user enters email '<sadatsayedibrahim@gmail.com>' and password '<test123>' # stepDefinitions.LoginStepsDefinition.user_enters_email_and_password(java.lang.String,java.lang.String)
]]></system-out>
  </testcase>
  <testcase name="user is navigated to the account" classname="Login Page Test" time="0.0">
    <system-out><![CDATA[  And user clicks on logginButton                                                # stepDefinitions.LoginStepsDefinition.user_clicks_on_loggin_button()
]]></system-out>
  </testcase>
  <testcase name="the user is on the homepage" classname="I want to login to my Account #1" time="8.964">
    <system-out><![CDATA[  Then user is navigated to the account                                          # stepDefinitions.LoginStepsDefinition.user_is_navigated_to_the_account()

@test
Scenario Outline: I want to login to my Account                # src/test/resources/Features/login.feature:25
 INFO [main] (ScenarioOutlineSteps.java:18)- start driver
]]></system-out>
    <system-err><![CDATA[Jan 27, 2024 2:48:14 PM org.openqa.selenium.remote.http.WebSocket$Listener onError
WARNING: Connection reset
java.net.SocketException: Connection reset
	at java.base/sun.nio.ch.SocketChannelImpl.throwConnectionReset(SocketChannelImpl.java:394)
	at java.base/sun.nio.ch.SocketChannelImpl.read(SocketChannelImpl.java:426)
	at io.netty.buffer.PooledByteBuf.setBytes(PooledByteBuf.java:259)
	at io.netty.buffer.AbstractByteBuf.writeBytes(AbstractByteBuf.java:1132)
	at io.netty.channel.socket.nio.NioSocketChannel.doReadBytes(NioSocketChannel.java:357)
	at io.netty.channel.nio.AbstractNioByteChannel$NioByteUnsafe.read(AbstractNioByteChannel.java:151)
	at io.netty.channel.nio.NioEventLoop.processSelectedKey(NioEventLoop.java:788)
	at io.netty.channel.nio.NioEventLoop.processSelectedKeysOptimized(NioEventLoop.java:724)
	at io.netty.channel.nio.NioEventLoop.processSelectedKeys(NioEventLoop.java:650)
	at io.netty.channel.nio.NioEventLoop.run(NioEventLoop.java:562)
	at io.netty.util.concurrent.SingleThreadEventExecutor$4.run(SingleThreadEventExecutor.java:997)
	at io.netty.util.internal.ThreadExecutorMap$2.run(ThreadExecutorMap.java:74)
	at io.netty.util.concurrent.FastThreadLocalRunnable.run(FastThreadLocalRunnable.java:30)
	at java.base/java.lang.Thread.run(Thread.java:842)

Starting ChromeDriver 120.0.6099.109 (3419140ab665596f21b385ce136419fde0924272-refs/branch-heads/6099@{#1483}) on port 5183
Only local connections are allowed.
Please see https://chromedriver.chromium.org/security-considerations for suggestions on keeping ChromeDriver safe.
ChromeDriver was started successfully.
Jan 27, 2024 2:48:15 PM org.openqa.selenium.devtools.CdpVersionFinder findNearestMatch
WARNING: Unable to find CDP implementation matching 120
Jan 27, 2024 2:48:15 PM org.openqa.selenium.chromium.ChromiumDriver lambda$new$3
WARNING: Unable to find version of CDP to use for . You may need to include a dependency on a specific version of the CDP using something similar to `org.seleniumhq.selenium:selenium-devtools-v86:4.8.1` where the version ("v86") matches the version of the chromium-based browser you're using and the version number of the artifact is the same as Selenium's.
]]></system-err>
  </testcase>
  <testcase name="user clicks on MyAccount" classname="I want to login to my Account #1" time="0.603">
    <system-out><![CDATA[  Given the user is on the homepage                            # stepDefinitions.ScenarioOutlineSteps.the_user_is_on_the_homepage()
 INFO [main] (ScenarioOutlineSteps.java:24)- user is clicking my Account
]]></system-out>
  </testcase>
  <testcase name="user click on login" classname="I want to login to my Account #1" time="0.33">
    <system-out><![CDATA[  When user clicks on MyAccount                                # stepDefinitions.ScenarioOutlineSteps.user_clicks_on_my_account()
 INFO [main] (ScenarioOutlineSteps.java:30)- user is clicking on login
]]></system-out>
  </testcase>
  <testcase name="user enters &apos;sadatsayedibrahim@gmail.com&apos;  and &apos;test123&apos;" classname="I want to login to my Account #1" time="0.452">
    <system-out><![CDATA[  And user click on login                                      # stepDefinitions.ScenarioOutlineSteps.user_click_on_login()
user is entering email and password
 INFO [main] (ScenarioOutlineSteps.java:38)- user is entering email and password
]]></system-out>
  </testcase>
  <testcase name="user clicks login button" classname="I want to login to my Account #1" time="0.116">
    <system-out><![CDATA[  And user enters 'sadatsayedibrahim@gmail.com'  and 'test123' # stepDefinitions.ScenarioOutlineSteps.user_enters_and(java.lang.String,java.lang.String)
 INFO [main] (ScenarioOutlineSteps.java:45)- user is clicking loggin buttn
]]></system-out>
  </testcase>
  <testcase name="user is navigated to the login page" classname="I want to login to my Account #1" time="0.001">
    <system-out><![CDATA[  And user clicks login button                                 # stepDefinitions.ScenarioOutlineSteps.user_clicks_login_button()
]]></system-out>
  </testcase>
  <testcase name="the user is on the homepage" classname="I want to login to my Account #2" time="7.11">
    <system-out><![CDATA[  Then user is navigated to the login page                     # stepDefinitions.ScenarioOutlineSteps.user_is_navigated_to_the_login_page()

@test
Scenario Outline: I want to login to my Account              # src/test/resources/Features/login.feature:26
 INFO [main] (ScenarioOutlineSteps.java:18)- start driver
]]></system-out>
    <system-err><![CDATA[Jan 27, 2024 2:48:26 PM org.openqa.selenium.remote.http.WebSocket$Listener onError
WARNING: Connection reset
java.net.SocketException: Connection reset
	at java.base/sun.nio.ch.SocketChannelImpl.throwConnectionReset(SocketChannelImpl.java:394)
	at java.base/sun.nio.ch.SocketChannelImpl.read(SocketChannelImpl.java:426)
	at io.netty.buffer.PooledByteBuf.setBytes(PooledByteBuf.java:259)
	at io.netty.buffer.AbstractByteBuf.writeBytes(AbstractByteBuf.java:1132)
	at io.netty.channel.socket.nio.NioSocketChannel.doReadBytes(NioSocketChannel.java:357)
	at io.netty.channel.nio.AbstractNioByteChannel$NioByteUnsafe.read(AbstractNioByteChannel.java:151)
	at io.netty.channel.nio.NioEventLoop.processSelectedKey(NioEventLoop.java:788)
	at io.netty.channel.nio.NioEventLoop.processSelectedKeysOptimized(NioEventLoop.java:724)
	at io.netty.channel.nio.NioEventLoop.processSelectedKeys(NioEventLoop.java:650)
	at io.netty.channel.nio.NioEventLoop.run(NioEventLoop.java:562)
	at io.netty.util.concurrent.SingleThreadEventExecutor$4.run(SingleThreadEventExecutor.java:997)
	at io.netty.util.internal.ThreadExecutorMap$2.run(ThreadExecutorMap.java:74)
	at io.netty.util.concurrent.FastThreadLocalRunnable.run(FastThreadLocalRunnable.java:30)
	at java.base/java.lang.Thread.run(Thread.java:842)

Starting ChromeDriver 120.0.6099.109 (3419140ab665596f21b385ce136419fde0924272-refs/branch-heads/6099@{#1483}) on port 33027
Only local connections are allowed.
Please see https://chromedriver.chromium.org/security-considerations for suggestions on keeping ChromeDriver safe.
ChromeDriver was started successfully.
Jan 27, 2024 2:48:28 PM org.openqa.selenium.devtools.CdpVersionFinder findNearestMatch
WARNING: Unable to find CDP implementation matching 120
Jan 27, 2024 2:48:28 PM org.openqa.selenium.chromium.ChromiumDriver lambda$new$3
WARNING: Unable to find version of CDP to use for . You may need to include a dependency on a specific version of the CDP using something similar to `org.seleniumhq.selenium:selenium-devtools-v86:4.8.1` where the version ("v86") matches the version of the chromium-based browser you're using and the version number of the artifact is the same as Selenium's.
]]></system-err>
  </testcase>
  <testcase name="user clicks on MyAccount" classname="I want to login to my Account #2" time="0.108">
    <system-out><![CDATA[  Given the user is on the homepage                          # stepDefinitions.ScenarioOutlineSteps.the_user_is_on_the_homepage()
 INFO [main] (ScenarioOutlineSteps.java:24)- user is clicking my Account
]]></system-out>
  </testcase>
  <testcase name="user click on login" classname="I want to login to my Account #2" time="0.416">
    <system-out><![CDATA[  When user clicks on MyAccount                              # stepDefinitions.ScenarioOutlineSteps.user_clicks_on_my_account()
 INFO [main] (ScenarioOutlineSteps.java:30)- user is clicking on login
]]></system-out>
  </testcase>
  <testcase name="user enters &apos;Jamz.bluesky@gmail.com&apos;  and &apos;Amira@143$&apos;" classname="I want to login to my Account #2" time="0.399">
    <system-out><![CDATA[  And user click on login                                    # stepDefinitions.ScenarioOutlineSteps.user_click_on_login()
user is entering email and password
 INFO [main] (ScenarioOutlineSteps.java:38)- user is entering email and password
]]></system-out>
  </testcase>
  <testcase name="user clicks login button" classname="I want to login to my Account #2" time="0.134">
    <system-out><![CDATA[  And user enters 'Jamz.bluesky@gmail.com'  and 'Amira@143$' # stepDefinitions.ScenarioOutlineSteps.user_enters_and(java.lang.String,java.lang.String)
 INFO [main] (ScenarioOutlineSteps.java:45)- user is clicking loggin buttn
]]></system-out>
  </testcase>
  <testcase name="user is navigated to the login page" classname="I want to login to my Account #2" time="0.002">
    <system-out><![CDATA[  And user clicks login button                               # stepDefinitions.ScenarioOutlineSteps.user_clicks_login_button()
]]></system-out>
  </testcase>
</testsuite>