<?xml version="1.0" encoding="UTF-8"?>
<testsuite xmlns:xsi="http://www.w3.org/2001/XMLSchema-instance" xsi:noNamespaceSchemaLocation="https://maven.apache.org/surefire/maven-surefire-plugin/xsd/surefire-test-report-3.0.xsd" version="3.0" name="runner.TestRunner" time="30.321" tests="12" errors="0" skipped="0" failures="0">
  <properties>
[...]
</properties>
  <testcase name="the user is on the homepage" classname="I want to login to my Account #1" time="8.141">
    <system-out><![CDATA[
@test
Scenario Outline: I want to login to my Account                # src/test/resources/Features/Login.feature:25
 INFO [main] (ScenarioOutlineSteps.java:18)- start driver
]]></system-out>
    <system-err><![CDATA[Starting ChromeDriver 116.0.5845.96 (1a391816688002153ef791ffe60d9e899a71a037-refs/branch-heads/5845@{#1382}) on port 37965
Only local connections are allowed.
Please see https://chromedriver.chromium.org/security-considerations for suggestions on keeping ChromeDriver safe.
ChromeDriver was started successfully.
Oct 02, 2023 2:09:05 PM org.openqa.selenium.devtools.CdpVersionFinder findNearestMatch
WARNING: Unable to find CDP implementation matching 116
Oct 02, 2023 2:09:05 PM org.openqa.selenium.chromium.ChromiumDriver lambda$new$3
WARNING: Unable to find version of CDP to use for . You may need to include a dependency on a specific version of the CDP using something similar to `org.seleniumhq.selenium:selenium-devtools-v86:4.8.1` where the version ("v86") matches the version of the chromium-based browser you're using and the version number of the artifact is the same as Selenium's.
]]></system-err>
  </testcase>
  <testcase name="user clicks on MyAccount" classname="I want to login to my Account #1" time="1.01">
    <system-out><![CDATA[  Given the user is on the homepage                            # stepDefinitions.ScenarioOutlineSteps.the_user_is_on_the_homepage()
 INFO [main] (ScenarioOutlineSteps.java:24)- user is clicking my Account
]]></system-out>
  </testcase>
  <testcase name="user click on login" classname="I want to login to my Account #1" time="0.824">
    <system-out><![CDATA[  When user clicks on MyAccount                                # stepDefinitions.ScenarioOutlineSteps.user_clicks_on_my_account()
 INFO [main] (ScenarioOutlineSteps.java:30)- user is clicking on login
]]></system-out>
  </testcase>
  <testcase name="user enters &apos;sadatsayedibrahim@gmail.com&apos;  and &apos;test123&apos;" classname="I want to login to my Account #1" time="0.483">
    <system-out><![CDATA[  And user click on login                                      # stepDefinitions.ScenarioOutlineSteps.user_click_on_login()
user is entering email and password
 INFO [main] (ScenarioOutlineSteps.java:38)- user is entering email and password
]]></system-out>
  </testcase>
  <testcase name="user clicks login button" classname="I want to login to my Account #1" time="0.209">
    <system-out><![CDATA[  And user enters 'sadatsayedibrahim@gmail.com'  and 'test123' # stepDefinitions.ScenarioOutlineSteps.user_enters_and(java.lang.String,java.lang.String)
 INFO [main] (ScenarioOutlineSteps.java:45)- user is clicking loggin buttn
]]></system-out>
  </testcase>
  <testcase name="user is navigated to the login page" classname="I want to login to my Account #1" time="0.005">
    <system-out><![CDATA[  And user clicks login button                                 # stepDefinitions.ScenarioOutlineSteps.user_clicks_login_button()
]]></system-out>
  </testcase>
  <testcase name="the user is on the homepage" classname="I want to login to my Account #2" time="8.911">
    <system-out><![CDATA[  Then user is navigated to the login page                     # stepDefinitions.ScenarioOutlineSteps.user_is_navigated_to_the_login_page()

@test
Scenario Outline: I want to login to my Account              # src/test/resources/Features/Login.feature:26
 INFO [main] (ScenarioOutlineSteps.java:18)- start driver
]]></system-out>
    <system-err><![CDATA[Oct 02, 2023 2:09:17 PM org.openqa.selenium.remote.http.WebSocket$Listener onError
WARNING: Connection reset
java.net.SocketException: Connection reset
	at java.base/sun.nio.ch.SocketChannelImpl.throwConnectionReset(SocketChannelImpl.java:401)
	at java.base/sun.nio.ch.SocketChannelImpl.read(SocketChannelImpl.java:434)
	at io.netty.buffer.PooledByteBuf.setBytes(PooledByteBuf.java:259)
	at io.netty.buffer.AbstractByteBuf.writeBytes(AbstractByteBuf.java:1132)
	at io.netty.channel.socket.nio.NioSocketChannel.doReadBytes(NioSocketChannel.java:357)
	at io.netty.channel.nio.AbstractNioByteChannel$NioByteUnsafe.read(AbstractNioByteChannel.java:151)
	at io.netty.channel.nio.NioEventLoop.processSelectedKey(NioEventLoop.java:788)
	at io.netty.channel.nio.NioEventLoop.processSelectedKeysOptimized(NioEventLoop.java:724)
	at io.netty.channel.nio.NioEventLoop.processSelectedKeys(NioEventLoop.java:650)
	at io.netty.channel.nio.NioEventLoop.run(NioEventLoop.java:562)
	at io.netty.util.concurrent.SingleThreadEventExecutor$4.run(SingleThreadEventExecutor.java:997)
	at io.netty.util.internal.ThreadExecutorMap$2.run(ThreadExecutorMap.java:74)
	at io.netty.util.concurrent.FastThreadLocalRunnable.run(FastThreadLocalRunnable.java:30)
	at java.base/java.lang.Thread.run(Thread.java:1623)

Starting ChromeDriver 116.0.5845.96 (1a391816688002153ef791ffe60d9e899a71a037-refs/branch-heads/5845@{#1382}) on port 45205
Only local connections are allowed.
Please see https://chromedriver.chromium.org/security-considerations for suggestions on keeping ChromeDriver safe.
ChromeDriver was started successfully.
Oct 02, 2023 2:09:19 PM org.openqa.selenium.devtools.CdpVersionFinder findNearestMatch
WARNING: Unable to find CDP implementation matching 116
Oct 02, 2023 2:09:19 PM org.openqa.selenium.chromium.ChromiumDriver lambda$new$3
WARNING: Unable to find version of CDP to use for . You may need to include a dependency on a specific version of the CDP using something similar to `org.seleniumhq.selenium:selenium-devtools-v86:4.8.1` where the version ("v86") matches the version of the chromium-based browser you're using and the version number of the artifact is the same as Selenium's.
]]></system-err>
  </testcase>
  <testcase name="user clicks on MyAccount" classname="I want to login to my Account #2" time="0.359">
    <system-out><![CDATA[  Given the user is on the homepage                          # stepDefinitions.ScenarioOutlineSteps.the_user_is_on_the_homepage()
 INFO [main] (ScenarioOutlineSteps.java:24)- user is clicking my Account
]]></system-out>
  </testcase>
  <testcase name="user click on login" classname="I want to login to my Account #2" time="0.504">
    <system-out><![CDATA[  When user clicks on MyAccount                              # stepDefinitions.ScenarioOutlineSteps.user_clicks_on_my_account()
 INFO [main] (ScenarioOutlineSteps.java:30)- user is clicking on login
]]></system-out>
  </testcase>
  <testcase name="user enters &apos;Jamz.bluesky@gmail.com&apos;  and &apos;Amira@143$&apos;" classname="I want to login to my Account #2" time="0.448">
    <system-out><![CDATA[  And user click on login                                    # stepDefinitions.ScenarioOutlineSteps.user_click_on_login()
user is entering email and password
 INFO [main] (ScenarioOutlineSteps.java:38)- user is entering email and password
]]></system-out>
  </testcase>
  <testcase name="user clicks login button" classname="I want to login to my Account #2" time="0.154">
    <system-out><![CDATA[  And user enters 'Jamz.bluesky@gmail.com'  and 'Amira@143$' # stepDefinitions.ScenarioOutlineSteps.user_enters_and(java.lang.String,java.lang.String)
 INFO [main] (ScenarioOutlineSteps.java:45)- user is clicking loggin buttn
]]></system-out>
  </testcase>
  <testcase name="user is navigated to the login page" classname="I want to login to my Account #2" time="0.001">
    <system-out><![CDATA[  And user clicks login button                               # stepDefinitions.ScenarioOutlineSteps.user_clicks_login_button()
]]></system-out>
  </testcase>
</testsuite>